<?xml version="1.0" encoding="utf-8"?><testsuites name="pytest tests"><testsuite name="pytest" errors="0" failures="0" skipped="0" tests="10" time="2.704" timestamp="2026-07-17T04:42:34.580239+00:00" hostname="agent-env-99a39c63-6639-41c8-bc4a-3a76b96b424f"><testcase classname="tests.backend_test.TestCheckoutStatus" name="test_status_for_created_session" time="1.433" /><testcase classname="tests.backend_test.TestCheckoutSession" name="test_create_checkout_session_super_arana" time="1.434" /><testcase classname="tests.backend_test.TestCheckoutStatus" name="test_status_idempotent" time="0.577" /><testcase classname="tests.backend_test.TestCheckoutSession" name="test_create_checkout_session_invalid_product" time="0.045" /><testcase classname="tests.backend_test.TestCheckoutSession" name="test_create_checkout_session_missing_body" time="0.189" /><testcase classname="tests.backend_test.TestContact" name="test_create_contact_persists" time="0.268" /><testcase classname="tests.backend_test.TestDesigns" name="test_create_design_default_payment_status_guardado" time="0.093" /><testcase classname="tests.backend_test.TestCheckoutStatus" name="test_status_unknown_session" time="0.092" /><testcase classname="tests.backend_test.TestStripeWebhook" name="test_webhook_route_registered" time="0.046" /><testcase classname="tests.backend_test.TestHealth" name="test_root" time="0.044" /></testsuite></testsuites>